<?xml version="1.0" encoding="UTF-8" ?>
<testsuite tests="4" failures="0" name="com.taotao.solrj.TestSolrJ" time="2.555" errors="0" skipped="0">
  <properties>
    <property name="idea.version" value="2018.1.4"/>
    <property name="java.runtime.name" value="Java(TM) SE Runtime Environment"/>
    <property name="sun.boot.library.path" value="D:\Java\jdk1.8.0_172\jre\bin"/>
    <property name="java.vm.version" value="25.172-b11"/>
    <property name="java.vm.vendor" value="Oracle Corporation"/>
    <property name="maven.multiModuleProjectDirectory" value="E:\taotao-parent\taotao-search\taotao-search-service"/>
    <property name="java.vendor.url" value="http://java.oracle.com/"/>
    <property name="path.separator" value=";"/>
    <property name="guice.disable.misplaced.annotation.check" value="true"/>
    <property name="java.vm.name" value="Java HotSpot(TM) 64-Bit Server VM"/>
    <property name="file.encoding.pkg" value="sun.io"/>
    <property name="user.script" value=""/>
    <property name="user.country" value="CN"/>
    <property name="sun.java.launcher" value="SUN_STANDARD"/>
    <property name="sun.os.patch.level" value="Service Pack 1"/>
    <property name="java.vm.specification.name" value="Java Virtual Machine Specification"/>
    <property name="user.dir" value="E:\taotao-parent\taotao-search\taotao-search-service"/>
    <property name="java.runtime.version" value="1.8.0_172-b11"/>
    <property name="java.awt.graphicsenv" value="sun.awt.Win32GraphicsEnvironment"/>
    <property name="java.endorsed.dirs" value="D:\Java\jdk1.8.0_172\jre\lib\endorsed"/>
    <property name="os.arch" value="amd64"/>
    <property name="java.io.tmpdir" value="C:\Users\admin\AppData\Local\Temp\"/>
    <property name="line.separator" value="
"/>
    <property name="java.vm.specification.vendor" value="Oracle Corporation"/>
    <property name="user.variant" value=""/>
    <property name="os.name" value="Windows 7"/>
    <property name="classworlds.conf" value="D:\apache-maven-3.5.2\bin\m2.conf"/>
    <property name="sun.jnu.encoding" value="GBK"/>
    <property name="java.library.path" value="D:\Java\jdk1.8.0_172\bin;C:\Windows\Sun\Java\bin;C:\Windows\system32;C:\Windows;C:\Program Files (x86)\Common Files\Oracle\Java\javapath;C:\Program Files\Microsoft MPI\Bin\;C:\ProgramData\Oracle\Java\javapath;C:\Windows\system32;C:\Windows;C:\Windows\System32\Wbem;C:\Windows\System32\WindowsPowerShell\v1.0\;C:\Program Files (x86)\NVIDIA Corporation\PhysX\Common;%PATH_HOME%/bin;d:\IDM Computer Solutions\UltraEdit;C:\Program Files\dotnet\;C:\Program Files\Microsoft SQL Server\130\Tools\Binn\;C:\Program Files\Git\cmd;D:\Java\jdk1.8.0_151\bin;D:\apache-maven-3.5.2\bin;D:\gradle-4.8.1\bin;D:\Go\bin;E:\goExample;E:\goProject\bin;D:\hadoop-2.6.1\bin;C:\Program Files\MySQL\MySQL Utilities 1.6\;;d:\SSH Communications Security\SSH Secure Shell;d:\Docker Toolbox;C:\Users\admin\go\bin;d:\Fiddler;."/>
    <property name="jboss.modules.system.pkgs" value="com.intellij.rt"/>
    <property name="maven.conf" value="D:\apache-maven-3.5.2/conf"/>
    <property name="java.specification.name" value="Java Platform API Specification"/>
    <property name="java.class.version" value="52.0"/>
    <property name="sun.management.compiler" value="HotSpot 64-Bit Tiered Compilers"/>
    <property name="os.version" value="6.1"/>
    <property name="user.home" value="C:\Users\admin"/>
    <property name="user.timezone" value="Asia/Shanghai"/>
    <property name="java.awt.printerjob" value="sun.awt.windows.WPrinterJob"/>
    <property name="java.specification.version" value="1.8"/>
    <property name="file.encoding" value="UTF-8"/>
    <property name="user.name" value="admin"/>
    <property name="java.class.path" value="D:\apache-maven-3.5.2\boot\plexus-classworlds-2.5.2.jar;D:\JetBrains\IntelliJ IDEA 2018.1.4\lib\idea_rt.jar;C:\Users\admin\.IntelliJIdea2018.1\system\captureAgent\debugger-agent.jar"/>
    <property name="java.vm.specification.version" value="1.8"/>
    <property name="sun.arch.data.model" value="64"/>
    <property name="java.home" value="D:\Java\jdk1.8.0_172\jre"/>
    <property name="sun.java.command" value="org.codehaus.classworlds.Launcher -Didea.version=2018.1.4 -s D:\apache-maven-3.5.2\conf\settings.xml install tomcat7:run"/>
    <property name="java.specification.vendor" value="Oracle Corporation"/>
    <property name="user.language" value="zh"/>
    <property name="awt.toolkit" value="sun.awt.windows.WToolkit"/>
    <property name="java.vm.info" value="mixed mode"/>
    <property name="java.version" value="1.8.0_172"/>
    <property name="java.ext.dirs" value="D:\Java\jdk1.8.0_172\jre\lib\ext;C:\Windows\Sun\Java\lib\ext"/>
    <property name="sun.boot.class.path" value="D:\Java\jdk1.8.0_172\jre\lib\resources.jar;D:\Java\jdk1.8.0_172\jre\lib\rt.jar;D:\Java\jdk1.8.0_172\jre\lib\sunrsasign.jar;D:\Java\jdk1.8.0_172\jre\lib\jsse.jar;D:\Java\jdk1.8.0_172\jre\lib\jce.jar;D:\Java\jdk1.8.0_172\jre\lib\charsets.jar;D:\Java\jdk1.8.0_172\jre\lib\jfr.jar;D:\Java\jdk1.8.0_172\jre\classes;C:\Users\admin\.IntelliJIdea2018.1\system\captureAgent\debugger-agent-storage.jar"/>
    <property name="java.vendor" value="Oracle Corporation"/>
    <property name="maven.home" value="D:\apache-maven-3.5.2"/>
    <property name="file.separator" value="\"/>
    <property name="java.vendor.url.bug" value="http://bugreport.sun.com/bugreport/"/>
    <property name="sun.cpu.endian" value="little"/>
    <property name="sun.io.unicode.encoding" value="UnicodeLittle"/>
    <property name="sun.desktop" value="windows"/>
    <property name="sun.cpu.isalist" value="amd64"/>
  </properties>
  <testcase classname="com.taotao.solrj.TestSolrJ" name="searchDocumet" time="2.461"/>
  <testcase classname="com.taotao.solrj.TestSolrJ" name="deleteDocumentByQuery" time="0.012"/>
  <testcase classname="com.taotao.solrj.TestSolrJ" name="testAddDocument" time="0.048"/>
  <testcase classname="com.taotao.solrj.TestSolrJ" name="deleteDocumentById" time="0.034"/>
</testsuite>